This is pdfTeX, Version 3.14159265-2.6-1.40.20 (TeX Live 2019/Debian) (preloaded format=pdflatex 2020.9.8)  28 SEP 2020 17:29
entering extended mode
 restricted \write18 enabled.
 %&-line parsing enabled.
**"Words - Book.tex"
(./Words - Book.tex
LaTeX2e <2020-02-02> patch level 2
L3 programming layer <2020-02-14>
(/usr/share/texlive/texmf-dist/tex/latex/memoir/memoir.cls
Document Class: memoir 2019/11/21 v3.7j configurable book, report, article docu
ment class
\onelineskip=\skip47
\lxvchars=\skip48
\xlvchars=\skip49
\@memcnta=\count167
\c@@memmarkcntra=\count168
LaTeX Info: Redefining \InputIfFileExists on input line 140.
(/usr/share/texlive/texmf-dist/tex/generic/iftex/iftex.sty
Package: iftex 2019/11/07 v1.0c TeX engine tests
)
\stockheight=\skip50
\stockwidth=\skip51
\trimtop=\skip52
\trimedge=\skip53
LaTeX Font Info:    Trying to load font information for T1+lmr on input line 67
7.

(/usr/share/texmf/tex/latex/lm/t1lmr.fd
File: t1lmr.fd 2009/10/30 v1.6 Font defs for Latin Modern
)
(/usr/share/texlive/texmf-dist/tex/latex/memoir/mem11.clo
File: mem11.clo 2008/01/30 v0.3 memoir class 11pt size option
)
(/usr/share/texmf/tex/latex/lm/lmodern.sty
Package: lmodern 2009/10/30 v1.6 Latin Modern Fonts
LaTeX Font Info:    Overwriting symbol font `operators' in version `normal'
(Font)                  OT1/cmr/m/n --> OT1/lmr/m/n on input line 22.
LaTeX Font Info:    Overwriting symbol font `letters' in version `normal'
(Font)                  OML/cmm/m/it --> OML/lmm/m/it on input line 23.
LaTeX Font Info:    Overwriting symbol font `symbols' in version `normal'
(Font)                  OMS/cmsy/m/n --> OMS/lmsy/m/n on input line 24.
LaTeX Font Info:    Overwriting symbol font `largesymbols' in version `normal'
(Font)                  OMX/cmex/m/n --> OMX/lmex/m/n on input line 25.
LaTeX Font Info:    Overwriting symbol font `operators' in version `bold'
(Font)                  OT1/cmr/bx/n --> OT1/lmr/bx/n on input line 26.
LaTeX Font Info:    Overwriting symbol font `letters' in version `bold'
(Font)                  OML/cmm/b/it --> OML/lmm/b/it on input line 27.
LaTeX Font Info:    Overwriting symbol font `symbols' in version `bold'
(Font)                  OMS/cmsy/b/n --> OMS/lmsy/b/n on input line 28.
LaTeX Font Info:    Overwriting symbol font `largesymbols' in version `bold'
(Font)                  OMX/cmex/m/n --> OMX/lmex/m/n on input line 29.
LaTeX Font Info:    Overwriting math alphabet `\mathbf' in version `normal'
(Font)                  OT1/cmr/bx/n --> OT1/lmr/bx/n on input line 31.
LaTeX Font Info:    Overwriting math alphabet `\mathsf' in version `normal'
(Font)                  OT1/cmss/m/n --> OT1/lmss/m/n on input line 32.
LaTeX Font Info:    Overwriting math alphabet `\mathit' in version `normal'
(Font)                  OT1/cmr/m/it --> OT1/lmr/m/it on input line 33.
LaTeX Font Info:    Overwriting math alphabet `\mathtt' in version `normal'
(Font)                  OT1/cmtt/m/n --> OT1/lmtt/m/n on input line 34.
LaTeX Font Info:    Overwriting math alphabet `\mathbf' in version `bold'
(Font)                  OT1/cmr/bx/n --> OT1/lmr/bx/n on input line 35.
LaTeX Font Info:    Overwriting math alphabet `\mathsf' in version `bold'
(Font)                  OT1/cmss/bx/n --> OT1/lmss/bx/n on input line 36.
LaTeX Font Info:    Overwriting math alphabet `\mathit' in version `bold'
(Font)                  OT1/cmr/bx/it --> OT1/lmr/bx/it on input line 37.
LaTeX Font Info:    Overwriting math alphabet `\mathtt' in version `bold'
(Font)                  OT1/cmtt/m/n --> OT1/lmtt/m/n on input line 38.
)
(/usr/share/texlive/texmf-dist/tex/latex/base/fontenc.sty
Package: fontenc 2020/02/11 v2.0o Standard LaTeX package
)
\binding=\skip54
\spinemargin=\skip55
\foremargin=\skip56
\uppermargin=\skip57
\lowermargin=\skip58
\headdrop=\skip59
\normalrulethickness=\skip60
\mem@maxheadheight=\skip61
\mem@maxfootheight=\skip62
\headwidth=\skip63
\c@storedpagenumber=\count169
\memPD=\dimen134
\m@mabparskip=\skip64
\thanksmarkwidth=\skip65
\thanksmarksep=\skip66
\droptitle=\skip67
\c@book=\count170
\c@part=\count171
\c@chapter=\count172
\c@section=\count173
\c@subsection=\count174
\c@subsubsection=\count175
\c@paragraph=\count176
\c@subparagraph=\count177
\beforechapskip=\skip68
\midchapskip=\skip69
\afterchapskip=\skip70
\chapindent=\skip71
\bottomsectionskip=\skip72
\secindent=\skip73
\beforesecskip=\skip74
\aftersecskip=\skip75
\subsecindent=\skip76
\beforesubsecskip=\skip77
\aftersubsecskip=\skip78
\subsubsecindent=\skip79
\beforesubsubsecskip=\skip80
\aftersubsubsecskip=\skip81
\paraindent=\skip82
\beforeparaskip=\skip83
\afterparaskip=\skip84
\subparaindent=\skip85
\beforesubparaskip=\skip86
\aftersubparaskip=\skip87
\pfbreakskip=\skip88
\c@@ppsavesec=\count178
\c@@ppsaveapp=\count179
\ragrparindent=\dimen135
\everylistparindent=\dimen136
\parsepi=\skip89
\topsepi=\skip90
\itemsepi=\skip91
\parsepii=\skip92
\topsepii=\skip93
\topsepiii=\skip94
\itemsepii=\skip95
\itemsepiii=\skip96
\partopsepii=\skip97
\partopsepiii=\skip98
\m@msavetopsep=\skip99
\m@msavepartopsep=\skip100
\@enLab=\toks14
\abstitleskip=\skip101
\absleftindent=\skip102
\abs@leftindent=\dimen137
\absrightindent=\skip103
\absparindent=\skip104
\absparsep=\skip105
\c@vslineno=\count180
\c@poemline=\count181
\c@modulo@vs=\count182
\c@memfvsline=\count183
\vleftskip=\skip106
\vrightskip=\skip107
\stanzaskip=\skip108
\versewidth=\skip109
\vgap=\skip110
\vindent=\skip111
\vleftmargin=\dimen138
\c@verse=\count184
\c@chrsinstr=\count185
\beforepoemtitleskip=\skip112
\afterpoemtitleskip=\skip113
\c@poem=\count186
\beforePoemTitleskip=\skip114
\midPoemTitleskip=\skip115
\afterPoemTitleskip=\skip116

(/usr/share/texlive/texmf-dist/tex/latex/tools/array.sty
Package: array 2019/08/31 v2.4l Tabular extension package (FMi)
\col@sep=\dimen139
\ar@mcellbox=\box45
\extrarowheight=\dimen140
\NC@list=\toks15
\extratabsurround=\skip117
\backup@length=\skip118
\ar@cellbox=\box46
)
(/usr/share/texlive/texmf-dist/tex/latex/tools/dcolumn.sty
Package: dcolumn 2014/10/28 v1.06 decimal alignment package (DPC)
)
(/usr/share/texlive/texmf-dist/tex/latex/tools/delarray.sty
Package: delarray 2014/10/28 v1.01 array delimiter package (DPC)
)
(/usr/share/texlive/texmf-dist/tex/latex/tools/tabularx.sty
Package: tabularx 2020/01/15 v2.11c `tabularx' package (DPC)
\TX@col@width=\dimen141
\TX@old@table=\dimen142
\TX@old@col=\dimen143
\TX@target=\dimen144
\TX@delta=\dimen145
\TX@cols=\count187
\TX@ftn=\toks16
)
\heavyrulewidth=\dimen146
\lightrulewidth=\dimen147
\cmidrulewidth=\dimen148
\belowrulesep=\dimen149
\belowbottomsep=\dimen150
\aboverulesep=\dimen151
\abovetopsep=\dimen152
\cmidrulesep=\dimen153
\cmidrulekern=\dimen154
\defaultaddspace=\dimen155
\@cmidla=\count188
\@cmidlb=\count189
\@aboverulesep=\dimen156
\@belowrulesep=\dimen157
\@thisruleclass=\count190
\@lastruleclass=\count191
\@thisrulewidth=\dimen158
\ctableftskip=\skip119
\ctabrightskip=\skip120
\abovecolumnspenalty=\count192
\@linestogo=\count193
\@cellstogo=\count194
\@cellsincolumn=\count195
\crtok=\toks17
\@mincolumnwidth=\dimen159
\c@newflo@tctr=\count196
\mem@margin@floatbox=\box47
\@contcwidth=\skip121
\@contindw=\skip122
\abovecaptionskip=\skip123
\belowcaptionskip=\skip124
\subfloattopskip=\skip125
\subfloatcapskip=\skip126
\subfloatcaptopadj=\skip127
\subfloatbottomskip=\skip128
\subfloatlabelskip=\skip129
\subfloatcapmargin=\dimen160
\c@@contsubnum=\count197
\m@mscap@capbox=\box48
\m@mscap@fbox=\box49
\sidecapsep=\dimen161
\sidecapwidth=\dimen162
\m@m@tempdima=\dimen163
\m@mscapraise=\dimen164
\sidecapraise=\dimen165
\m@mscapmainwidth=\dimen166
\m@mscaplkern=\dimen167
\beforeepigraphskip=\skip130
\afterepigraphskip=\skip131
\epigraphwidth=\skip132
\epigraphrule=\skip133
LaTeX Info: Redefining \em on input line 7662.
LaTeX Info: Redefining \emph on input line 7670.
\tocentryskip=\skip134
\tocbaseline=\skip135
\cftparskip=\skip136
\cftbeforebookskip=\skip137
\cftbookindent=\dimen168
\cftbooknumwidth=\dimen169
\cftbeforepartskip=\skip138
\cftpartindent=\skip139
\cftpartnumwidth=\skip140
\cftbeforechapterskip=\skip141
\cftchapterindent=\skip142
\cftchapternumwidth=\skip143
\cftbeforesectionskip=\skip144
\cftsectionindent=\skip145
\cftsectionnumwidth=\skip146
\cftbeforesubsectionskip=\skip147
\cftsubsectionindent=\skip148
\cftsubsectionnumwidth=\skip149
\cftbeforesubsubsectionskip=\skip150
\cftsubsubsectionindent=\skip151
\cftsubsubsectionnumwidth=\skip152
\cftbeforeparagraphskip=\skip153
\cftparagraphindent=\skip154
\cftparagraphnumwidth=\skip155
\cftbeforesubparagraphskip=\skip156
\cftsubparagraphindent=\skip157
\cftsubparagraphnumwidth=\skip158
\prechapterprecisshift=\dimen170
\c@maxsecnumdepth=\count198
\bibindent=\dimen171
\bibitemsep=\skip159
\indexcolsep=\skip160
\indexrule=\skip161
\indexmarkstyle=\toks18
\@indexbox=\insert199
\glossarycolsep=\dimen172
\glossaryrule=\dimen173
\sideparvshift=\skip162
\sideins=\insert252
\sidebartopsep=\skip163
\sidebarhsep=\skip164
\sidebarvsep=\skip165
\sidebarwidth=\skip166
\footmarkwidth=\skip167
\footmarksep=\skip168
\footparindent=\skip169
\footinsdim=\skip170
\footinsv@r=\insert251
\@mpfootinsv@r=\insert250
\m@m@k=\count266
\m@m@h=\dimen174
\m@mipn@skip=\skip171
\sidefootins=\insert249
\sidefootadjust=\skip172
\sidefootheight=\skip173
\sidefoothsep=\skip174
\sidefootvsep=\skip175
\sidefootwidth=\skip176
\m@mdownsf=\skip177
\c@sidefootnote=\count267
\sidefootmarkwidth=\skip178
\sidefootmarksep=\skip179
\sidefootparindent=\skip180
\c@pagenote=\count268
\c@pagenoteshadow=\count269
\mem@pn@lastkern=\skip181
\every@verbatim=\toks19
\afterevery@verbatim=\toks20
\verbatim@line=\toks21
\tab@position=\count270
\verbatim@in@stream=\read2
\verbatimindent=\skip182
\verbatim@out=\write3
\bvboxsep=\skip183
\c@memfbvline=\count271
\c@bvlinectr=\count272
\bvnumlength=\skip184
\fb@frw=\dimen175
\fb@frh=\dimen176
\FrameRule=\dimen177
\FrameSep=\dimen178
\c@cp@cntr=\count273
LaTeX Info: Redefining \: on input line 12187.
LaTeX Info: Redefining \! on input line 12189.
\c@ism@mctr=\count274
\c@xsm@mctr=\count275
\c@csm@mctr=\count276
\c@ksm@mctr=\count277
\c@xksm@mctr=\count278
\c@cksm@mctr=\count279
\c@msm@mctr=\count280
\c@xmsm@mctr=\count281
\c@cmsm@mctr=\count282
\c@bsm@mctr=\count283
\c@workm@mctr=\count284
\c@sheetsequence=\count285
\c@lastsheet=\count286
\c@lastpage=\count287

(/usr/share/texlive/texmf-dist/tex/latex/textcase/textcase.sty
Package: textcase 2019/09/14 v1.00 Text only upper/lower case changing (DPC)
)
\c@figure=\count288
\c@lofdepth=\count289
\cftbeforefigureskip=\skip185
\cftfigureindent=\skip186
\cftfigurenumwidth=\skip187
\c@table=\count290
\c@lotdepth=\count291
\cftbeforetableskip=\skip188
\cfttableindent=\skip189
\cfttablenumwidth=\skip190
Package abstract [2008/07/23] emulated by memoir.
Package appendix [2008/07/23] emulated by memoir.
Package booktabs [2016/05/16] emulated by memoir.
Package ccaption [2008/07/23] emulated by memoir.
Package changepage [2008/07/23] emulated by memoir.
Package chngcntr [2008/07/23] emulated by memoir.
Package chngpage [2008/07/23] emulated by memoir.
Package crop emulated by memoir.
Package enumerate [2008/07/23] emulated by memoir.
Package epigraph [2008/07/23] emulated by memoir.
Package ifmtarg [2008/07/23] emulated by memoir.
Package index [2008/07/23] emulated by memoir.
Package makeidx [2008/07/23] emulated by memoir.
Package moreverb [2008/07/23] emulated by memoir.
Package mparhack [2008/07/23] emulated by memoir.
Package needspace [2008/07/23] emulated by memoir.
Package newfile [2008/07/23] emulated by memoir.
Package nextpage [2008/07/23] emulated by memoir.
Package pagenote [2008/07/23] emulated by memoir.
Package parskip [2008/07/23] emulated by memoir.
Package patchcmd [2008/07/23] emulated by memoir.
Package setspace [2008/07/23] emulated by memoir.
Package shortvrb [2008/07/23] emulated by memoir.
Package showidx [2008/07/23] emulated by memoir.
Package titleref [2008/07/23] emulated by memoir.
Package titling [2008/07/23] emulated by memoir.
Package tocbibind [2008/07/23] emulated by memoir.
Package tocloft [2008/07/23] emulated by memoir.
Package tocvsec2 [2008/07/23] emulated by memoir.
Package verbatim [2008/07/23] emulated by memoir.
Package verse [2008/07/23] emulated by memoir.
)
(/usr/share/texlive/texmf-dist/tex/latex/base/inputenc.sty
Package: inputenc 2018/08/11 v1.3c Input encoding file
\inpenc@prehook=\toks22
\inpenc@posthook=\toks23

(/usr/share/texlive/texmf-dist/tex/latex/ucs/utf8x.def
File: utf8x.def 2004/10/17 UCS: Input encoding UTF-8
))
(/usr/share/texlive/texmf-dist/tex/latex/ucs/ucs.sty
Package: ucs 2013/05/11 v2.2 UCS: Unicode input support

(/usr/share/texlive/texmf-dist/tex/latex/ucs/data/uni-global.def
File: uni-global.def 2013/05/13 UCS: Unicode global data
)
\uc@secondtry=\count292
\uc@combtoks=\toks24
\uc@combtoksb=\toks25
\uc@temptokena=\toks26
)
(/usr/share/texlive/texmf-dist/tex/latex/base/fontenc.sty
Package: fontenc 2020/02/11 v2.0o Standard LaTeX package
)
(/usr/share/texlive/texmf-dist/tex/latex/alegreya/Alegreya.sty
Package: Alegreya 2019/10/12 (Bob Tennent) Supports Alegreya and AlegreyaSC fon
ts for all LaTeX engines. 

(/usr/share/texlive/texmf-dist/tex/generic/iftex/ifxetex.sty
Package: ifxetex 2019/10/25 v0.7 ifxetex legacy package. Use iftex instead.
)
(/usr/share/texlive/texmf-dist/tex/generic/iftex/ifluatex.sty
Package: ifluatex 2019/10/25 v1.5 ifluatex legacy package. Use iftex instead.
)
(/usr/share/texlive/texmf-dist/tex/latex/base/textcomp.sty
Package: textcomp 2020/02/02 v2.0n Standard LaTeX package
)
(/usr/share/texlive/texmf-dist/tex/latex/xkeyval/xkeyval.sty
Package: xkeyval 2014/12/03 v2.7a package option processing (HA)

(/usr/share/texlive/texmf-dist/tex/generic/xkeyval/xkeyval.tex
(/usr/share/texlive/texmf-dist/tex/generic/xkeyval/xkvutils.tex
\XKV@toks=\toks27
\XKV@tempa@toks=\toks28

(/usr/share/texlive/texmf-dist/tex/generic/xkeyval/keyval.tex))
\XKV@depth=\count293
File: xkeyval.tex 2014/12/03 v2.7a key=value parser (HA)
))
(/usr/share/texlive/texmf-dist/tex/latex/base/fontenc.sty
Package: fontenc 2020/02/11 v2.0o Standard LaTeX package
)
(/usr/share/texlive/texmf-dist/tex/latex/fontaxes/fontaxes.sty
Package: fontaxes 2014/03/23 v1.0d Font selection axes
LaTeX Info: Redefining \upshape on input line 29.
LaTeX Info: Redefining \itshape on input line 31.
LaTeX Info: Redefining \slshape on input line 33.
LaTeX Info: Redefining \swshape on input line 35.
LaTeX Info: Redefining \scshape on input line 37.
LaTeX Info: Redefining \sscshape on input line 39.
LaTeX Info: Redefining \ulcshape on input line 41.
LaTeX Info: Redefining \textsw on input line 47.
LaTeX Info: Redefining \textssc on input line 48.
LaTeX Info: Redefining \textulc on input line 49.
))
(/usr/share/texlive/texmf-dist/tex/latex/alegreya/AlegreyaSans.sty
Package: AlegreyaSans 2019/10/12 (Bob Tennent) Supports AlegreyaSans fonts for 
all LaTeX engines. 

(/usr/share/texlive/texmf-dist/tex/latex/base/fontenc.sty
Package: fontenc 2020/02/11 v2.0o Standard LaTeX package
LaTeX Font Info:    Trying to load font information for T1+Alegreya-OsF on inpu
t line 112.

(/usr/share/texlive/texmf-dist/tex/latex/alegreya/T1Alegreya-OsF.fd
File: T1Alegreya-OsF.fd 2019/10/08 (autoinst) Font definitions for T1/Alegreya-
OsF.
)
LaTeX Font Info:    Font shape `T1/Alegreya-OsF/m/n' in size <10.95> not availa
ble
(Font)              Font shape `T1/Alegreya-OsF/regular/n' tried instead on inp
ut line 112.
LaTeX Font Info:    Font shape `T1/Alegreya-OsF/regular/n' will be
(Font)              scaled to size 10.95pt on input line 112.
)
LaTeX Info: Redefining \textsu on input line 338.
LaTeX Info: Redefining \textin on input line 339.
)
(/usr/share/texlive/texmf-dist/tex/latex/microtype/microtype.sty
Package: microtype 2019/11/18 v2.7d Micro-typographical refinements (RS)
\MT@toks=\toks29
\MT@count=\count294
LaTeX Info: Redefining \textls on input line 790.
\MT@outer@kern=\dimen179
LaTeX Info: Redefining \textmicrotypecontext on input line 1354.
\MT@listname@count=\count295

(/usr/share/texlive/texmf-dist/tex/latex/microtype/microtype-pdftex.def
File: microtype-pdftex.def 2019/11/18 v2.7d Definitions specific to pdftex (RS)

LaTeX Info: Redefining \lsstyle on input line 914.
LaTeX Info: Redefining \lslig on input line 914.
\MT@outer@space=\skip191
)
Package microtype Info: Loading configuration file microtype.cfg.

(/usr/share/texlive/texmf-dist/tex/latex/microtype/microtype.cfg
File: microtype.cfg 2019/11/18 v2.7d microtype main configuration file (RS)
))
(/usr/share/texlive/texmf-dist/tex/latex/lettrine/lettrine.sty
File: lettrine.sty 2019-04-06 v2.22 (Daniel Flipo)

(/usr/share/texlive/texmf-dist/tex/generic/minifp/minifp.sty
Package: minifp 2013/12/30 v0.96. Macros for real number operations and a stack
-based programing language.
\MFP@loopctr=\count296
)
\c@DefaultLines=\count297
\c@DefaultDepth=\count298
\DefaultFindent=\dimen180
\DefaultNindent=\dimen181
\DefaultSlope=\dimen182
\DiscardVskip=\dimen183
\L@lbox=\box50
\L@tbox=\box51
\c@L@lines=\count299
\c@L@depth=\count300
\L@Pindent=\dimen184
\L@Findent=\dimen185
\L@Nindent=\dimen186
\L@lraise=\dimen187
\L@first=\dimen188
\L@next=\dimen189
\L@slope=\dimen190
\L@height=\dimen191
\L@novskip=\dimen192
\L@target@ht=\dimen193
\L@target@dp=\dimen194
\L@target@tht=\dimen195
\LettrineWidth=\dimen196
\LettrineHeight=\dimen197
\LettrineDepth=\dimen198
\Llist@everypar=\toks30

Loading lettrine.cfg
(/usr/share/texlive/texmf-dist/tex/latex/lettrine/lettrine.cfg))
(/usr/share/texlive/texmf-dist/tex/latex/titlesec/titlesec.sty
Package: titlesec 2019/10/16 v2.13 Sectioning titles
\ttl@box=\box52
\beforetitleunit=\skip192
\aftertitleunit=\skip193
\ttl@plus=\dimen256
\ttl@minus=\dimen257
\ttl@toksa=\toks31
\titlewidth=\dimen258
\titlewidthlast=\dimen259
\titlewidthfirst=\dimen260
)
(/usr/share/texlive/texmf-dist/tex/latex/lipsum/lipsum.sty
(/usr/share/texlive/texmf-dist/tex/latex/l3kernel/expl3.sty
Package: expl3 2020-02-14 L3 programming layer (loader) 

(/usr/share/texlive/texmf-dist/tex/latex/l3backend/l3backend-pdfmode.def
File: l3backend-pdfmode.def 2020-02-03 L3 backend support: PDF mode
\l__kernel_color_stack_int=\count301
\l__pdf_internal_box=\box53
))
(/usr/share/texlive/texmf-dist/tex/latex/l3packages/xparse/xparse.sty
Package: xparse 2020-02-14 L3 Experimental document command parser
\l__xparse_current_arg_int=\count302
\g__xparse_grabber_int=\count303
\l__xparse_m_args_int=\count304
\l__xparse_v_nesting_int=\count305
)
Package: lipsum 2019/01/02 v2.2 150 paragraphs of Lorem Ipsum dummy text

(/usr/share/texlive/texmf-dist/tex/latex/lipsum/lipsum.ltd.tex
File: lipsum.ltd.tex 2019/01/02 v2.2 The Lorem ipsum dummy text
))
(/usr/share/texlive/texmf-dist/tex/latex/tools/calc.sty
Package: calc 2017/05/25 v4.3 Infix arithmetic (KKT,FJ)
\calc@Acount=\count306
\calc@Bcount=\count307
\calc@Adimen=\dimen261
\calc@Bdimen=\dimen262
\calc@Askip=\skip194
\calc@Bskip=\skip195
LaTeX Info: Redefining \setlength on input line 80.
LaTeX Info: Redefining \addtolength on input line 81.
\calc@Ccount=\count308
\calc@Cskip=\skip196
)
(/usr/share/texlive/texmf-dist/tex/generic/hologo/hologo.sty
Package: hologo 2019/12/05 v1.14 A logo collection with bookmark support (HO)

(/usr/share/texlive/texmf-dist/tex/generic/ltxcmds/ltxcmds.sty
Package: ltxcmds 2019/12/15 v1.24 LaTeX kernel commands for general use (HO)
)
(/usr/share/texlive/texmf-dist/tex/generic/infwarerr/infwarerr.sty
Package: infwarerr 2019/12/03 v1.5 Providing info/warning/error messages (HO)
)
(/usr/share/texlive/texmf-dist/tex/generic/kvsetkeys/kvsetkeys.sty
Package: kvsetkeys 2019/12/15 v1.18 Key value parser (HO)
)
(/usr/share/texlive/texmf-dist/tex/generic/kvdefinekeys/kvdefinekeys.sty
Package: kvdefinekeys 2019-12-19 v1.6 Define keys (HO)
)
(/usr/share/texlive/texmf-dist/tex/latex/pdftexcmds/pdftexcmds.sty
Package: pdftexcmds 2019/11/24 v0.31 Utility functions of pdfTeX for LuaTeX (HO
)
Package pdftexcmds Info: \pdf@primitive is available.
Package pdftexcmds Info: \pdf@ifprimitive is available.
Package pdftexcmds Info: \pdfdraftmode found.
)
(/usr/share/texlive/texmf-dist/tex/latex/kvoptions/kvoptions.sty
Package: kvoptions 2019/11/29 v3.13 Key value format for package options (HO)
)
Package hologo Info: Using driver `pdftex'.
)
(/usr/share/texlive/texmf-dist/tex/latex/hyperref/hyperref.sty
Package: hyperref 2020/01/14 v7.00d Hypertext links for LaTeX

(/usr/share/texlive/texmf-dist/tex/generic/pdfescape/pdfescape.sty
Package: pdfescape 2019/12/09 v1.15 Implements pdfTeX's escape features (HO)
)
(/usr/share/texlive/texmf-dist/tex/latex/hycolor/hycolor.sty
Package: hycolor 2020-01-27 v1.10 Color options for hyperref/bookmark (HO)
)
(/usr/share/texlive/texmf-dist/tex/latex/letltxmacro/letltxmacro.sty
Package: letltxmacro 2019/12/03 v1.6 Let assignment for LaTeX macros (HO)
)
(/usr/share/texlive/texmf-dist/tex/latex/auxhook/auxhook.sty
Package: auxhook 2019-12-17 v1.6 Hooks for auxiliary files (HO)
)
\@linkdim=\dimen263
\Hy@linkcounter=\count309
\Hy@pagecounter=\count310

(/usr/share/texlive/texmf-dist/tex/latex/hyperref/pd1enc.def
File: pd1enc.def 2020/01/14 v7.00d Hyperref: PDFDocEncoding definition (HO)
)
(/usr/share/texlive/texmf-dist/tex/generic/intcalc/intcalc.sty
Package: intcalc 2019/12/15 v1.3 Expandable calculations with integers (HO)
)
(/usr/share/texlive/texmf-dist/tex/generic/etexcmds/etexcmds.sty
Package: etexcmds 2019/12/15 v1.7 Avoid name clashes with e-TeX commands (HO)
)
\Hy@SavedSpaceFactor=\count311
\pdfmajorversion=\count312
Package hyperref Info: Hyper figures OFF on input line 4547.
Package hyperref Info: Link nesting OFF on input line 4552.
Package hyperref Info: Hyper index ON on input line 4555.
Package hyperref Info: Plain pages OFF on input line 4562.
Package hyperref Info: Backreferencing OFF on input line 4567.
Package hyperref Info: Implicit mode ON; LaTeX internals redefined.
Package hyperref Info: Bookmarks ON on input line 4800.
\c@Hy@tempcnt=\count313

(/usr/share/texlive/texmf-dist/tex/latex/url/url.sty
\Urlmuskip=\muskip16
Package: url 2013/09/16  ver 3.4  Verb mode for urls, etc.
)
LaTeX Info: Redefining \url on input line 5159.
\XeTeXLinkMargin=\dimen264

(/usr/share/texlive/texmf-dist/tex/generic/bitset/bitset.sty
Package: bitset 2019/12/09 v1.3 Handle bit-vector datatype (HO)

(/usr/share/texlive/texmf-dist/tex/generic/bigintcalc/bigintcalc.sty
Package: bigintcalc 2019/12/15 v1.5 Expandable calculations on big integers (HO
)
))
\Fld@menulength=\count314
\Field@Width=\dimen265
\Fld@charsize=\dimen266
Package hyperref Info: Hyper figures OFF on input line 6430.
Package hyperref Info: Link nesting OFF on input line 6435.
Package hyperref Info: Hyper index ON on input line 6438.
Package hyperref Info: backreferencing OFF on input line 6445.
Package hyperref Info: Link coloring OFF on input line 6450.
Package hyperref Info: Link coloring with OCG OFF on input line 6455.
Package hyperref Info: PDF/A mode OFF on input line 6460.
LaTeX Info: Redefining \ref on input line 6500.
LaTeX Info: Redefining \pageref on input line 6504.

(/usr/share/texlive/texmf-dist/tex/generic/atbegshi/atbegshi.sty
Package: atbegshi 2019/12/05 v1.19 At begin shipout hook (HO)
)
\Hy@abspage=\count315
\c@Item=\count316
\c@Hfootnote=\count317
)
(/usr/share/texlive/texmf-dist/tex/latex/memoir/memhfixc.sty
Package: memhfixc 2019/10/24 v1.18 nameref/hyperref package fixes for memoir cl
ass
\c@memhycontfloat=\count318
\c@Hpagenote=\count319
)
Package hyperref Info: Driver (autodetected): hpdftex.

(/usr/share/texlive/texmf-dist/tex/latex/hyperref/hpdftex.def
File: hpdftex.def 2020/01/14 v7.00d Hyperref driver for pdfTeX

(/usr/share/texlive/texmf-dist/tex/latex/atveryend/atveryend.sty
Package: atveryend 2019-12-11 v1.11 Hooks at the very end of document (HO)
Package atveryend Info: \enddocument detected (standard20110627).
)
\Fld@listcount=\count320
\c@bookmark@seq@number=\count321

(/usr/share/texlive/texmf-dist/tex/latex/rerunfilecheck/rerunfilecheck.sty
Package: rerunfilecheck 2019/12/05 v1.9 Rerun checks for auxiliary files (HO)

(/usr/share/texlive/texmf-dist/tex/generic/uniquecounter/uniquecounter.sty
Package: uniquecounter 2019/12/15 v1.4 Provide unlimited unique counter (HO)
)
Package uniquecounter Info: New unique counter `rerunfilecheck' on input line 2
86.
)
\Hy@SectionHShift=\skip197
)
\drop=\skip198


******************************************************
Stock height and width: 614.295pt by 410.13246pt
Top and edge trims: 0pt and 0pt
Page height and width: 614.295pt by 397.48499pt
Text height and width: 459.8002pt by 310pt
Spine and edge margins: 27.89632pt and 59.40639pt
Upper and lower margins: 52.17894pt and 102.31586pt
Headheight and headsep: 13.6pt and 11.56346pt
Footskip: 27.46295pt
Columnsep and columnseprule: 10pt and 0pt
Marginparsep and marginparwidth: 7pt and 45.40639pt
Sidecapsep and sidecapwidth: 7pt and 51pt
Sidebarhsep and sidebarwidth: 7pt and 51pt
Sidebarvsep and sidebartopsep: 13.6pt and 0pt
Sidebarheight: 363.12012pt
Sidefoothsep and sidefootwidth: 7pt and 51pt
Sidefootvsep and sidefootheight: 13.6pt and 363.12012pt
******************************************************


Class memoir Warning: As of 2018, \fixpdflayout\ is no longer used on input lin
e 119.

(./Words - Book.aux)
\openout1 = `"Words - Book.aux"'.

LaTeX Font Info:    Checking defaults for OML/cmm/m/it on input line 122.
LaTeX Font Info:    ... okay on input line 122.
LaTeX Font Info:    Checking defaults for OMS/cmsy/m/n on input line 122.
LaTeX Font Info:    ... okay on input line 122.
LaTeX Font Info:    Checking defaults for OT1/cmr/m/n on input line 122.
LaTeX Font Info:    ... okay on input line 122.
LaTeX Font Info:    Checking defaults for T1/cmr/m/n on input line 122.
LaTeX Font Info:    ... okay on input line 122.
LaTeX Font Info:    Checking defaults for TS1/cmr/m/n on input line 122.
LaTeX Font Info:    ... okay on input line 122.
LaTeX Font Info:    Checking defaults for OMX/cmex/m/n on input line 122.
LaTeX Font Info:    ... okay on input line 122.
LaTeX Font Info:    Checking defaults for U/cmr/m/n on input line 122.
LaTeX Font Info:    ... okay on input line 122.
LaTeX Font Info:    Checking defaults for PD1/pdf/m/n on input line 122.
LaTeX Font Info:    ... okay on input line 122.
 (/usr/share/texlive/texmf-dist/tex/latex/ucs/ucsencs.def
File: ucsencs.def 2011/01/21 Fixes to fontencodings LGR, T3
)
\c@mv@tabular=\count322
\c@mv@boldtabular=\count323
LaTeX Info: Redefining \microtypecontext on input line 122.
Package microtype Info: Generating PDF output.
Package microtype Info: Character protrusion enabled (level 2).
Package microtype Info: Using default protrusion set `alltext'.
Package microtype Info: Automatic font expansion enabled (level 2),
(microtype)             stretch: 20, shrink: 20, step: 1, non-selected.
Package microtype Info: Using default expansion set `basictext'.
LaTeX Info: Redefining \showhyphens on input line 122.
Package microtype Info: No adjustment of tracking.
Package microtype Info: No adjustment of interword spacing.
Package microtype Info: No adjustment of character kerning.
Package microtype Info: Loading generic protrusion settings for font family
(microtype)             `Alegreya-OsF' (encoding: T1).
(microtype)             For optimal results, create family-specific settings.
(microtype)             See the microtype manual for details.
\AtBeginShipoutBox=\box54
Package hyperref Info: Link coloring OFF on input line 122.

(/usr/share/texlive/texmf-dist/tex/latex/hyperref/nameref.sty
Package: nameref 2019/09/16 v2.46 Cross-referencing by name of section

(/usr/share/texlive/texmf-dist/tex/latex/refcount/refcount.sty
Package: refcount 2019/12/15 v3.6 Data extraction from label references (HO)
)
(/usr/share/texlive/texmf-dist/tex/generic/gettitlestring/gettitlestring.sty
Package: gettitlestring 2019/12/15 v1.6 Cleanup title references (HO)
)
\c@section@level=\count324
)
Redoing nameref's sectioning
Redoing nameref's label
LaTeX Info: Redefining \nameref on input line 122.
LaTeX Info: Redefining \ref on input line 122.
LaTeX Info: Redefining \pageref on input line 122.
LaTeX Info: Redefining \nameref on input line 122.
(./Words - Book.out) (./Words - Book.out)
\@outlinefile=\write4
\openout4 = `"Words - Book.out"'.

LaTeX Font Info:    Font shape `T1/Alegreya-OsF/m/n' in size <14.4> not availab
le
(Font)              Font shape `T1/Alegreya-OsF/regular/n' tried instead on inp
ut line 125.
LaTeX Font Info:    Font shape `T1/Alegreya-OsF/regular/n' will be
(Font)              scaled to size 14.4pt on input line 125.
LaTeX Font Info:    Font shape `T1/Alegreya-OsF/m/sc' in size <14.4> not availa
ble
(Font)              Font shape `T1/Alegreya-OsF/regular/sc' tried instead on in
put line 125.
LaTeX Font Info:    Font shape `T1/Alegreya-OsF/regular/sc' will be
(Font)              scaled to size 14.4pt on input line 125.
 [1

{/var/lib/texmf/fonts/map/pdftex/updmap/pdftex.map}] [2

]
LaTeX Font Info:    Font shape `T1/Alegreya-OsF/m/n' in size <30> not available

(Font)              Font shape `T1/Alegreya-OsF/regular/n' tried instead on inp
ut line 128.
LaTeX Font Info:    Font shape `T1/Alegreya-OsF/regular/n' will be
(Font)              scaled to size 30.0pt on input line 128.
LaTeX Font Info:    Font shape `T1/Alegreya-OsF/m/sc' in size <30> not availabl
e
(Font)              Font shape `T1/Alegreya-OsF/regular/sc' tried instead on in
put line 128.
LaTeX Font Info:    Font shape `T1/Alegreya-OsF/regular/sc' will be
(Font)              scaled to size 30.0pt on input line 128.
LaTeX Font Info:    Font shape `T1/Alegreya-OsF/m/it' in size <14.4> not availa
ble
(Font)              Font shape `T1/Alegreya-OsF/regular/it' tried instead on in
put line 128.
LaTeX Font Info:    Font shape `T1/Alegreya-OsF/regular/it' will be
(Font)              scaled to size 14.4pt on input line 128.
 [3]
LaTeX Font Info:    Font shape `T1/Alegreya-OsF/m/n' in size <10> not available

(Font)              Font shape `T1/Alegreya-OsF/regular/n' tried instead on inp
ut line 131.
LaTeX Font Info:    Font shape `T1/Alegreya-OsF/regular/n' will be
(Font)              scaled to size 10.0pt on input line 131.
 [4

]
LaTeX Font Info:    Font shape `T1/Alegreya-OsF/m/it' in size <10> not availabl
e
(Font)              Font shape `T1/Alegreya-OsF/regular/it' tried instead on in
put line 138.
LaTeX Font Info:    Font shape `T1/Alegreya-OsF/regular/it' will be
(Font)              scaled to size 10.0pt on input line 138.

(/usr/share/texlive/texmf-dist/tex/latex/microtype/mt-cmr.cfg
File: mt-cmr.cfg 2013/05/19 v2.2 microtype config. file: Computer Modern Roman 
(RS)
)
LaTeX Font Info:    Trying to load font information for OT1+lmr on input line 1
38.

(/usr/share/texmf/tex/latex/lm/ot1lmr.fd
File: ot1lmr.fd 2009/10/30 v1.6 Font defs for Latin Modern
)
LaTeX Font Info:    Trying to load font information for OML+lmm on input line 1
38.

(/usr/share/texmf/tex/latex/lm/omllmm.fd
File: omllmm.fd 2009/10/30 v1.6 Font defs for Latin Modern
)
LaTeX Font Info:    Trying to load font information for OMS+lmsy on input line 
138.

(/usr/share/texmf/tex/latex/lm/omslmsy.fd
File: omslmsy.fd 2009/10/30 v1.6 Font defs for Latin Modern
)
LaTeX Font Info:    Trying to load font information for OMX+lmex on input line 
138.

(/usr/share/texmf/tex/latex/lm/omxlmex.fd
File: omxlmex.fd 2009/10/30 v1.6 Font defs for Latin Modern
)
LaTeX Font Info:    External font `lmex10' loaded for size
(Font)              <10> on input line 138.
LaTeX Font Info:    External font `lmex10' loaded for size
(Font)              <7> on input line 138.
LaTeX Font Info:    External font `lmex10' loaded for size
(Font)              <5> on input line 138.
 [5

] [6

]
LaTeX Font Info:    Font shape `T1/Alegreya-OsF/m/sc' in size <10> not availabl
e
(Font)              Font shape `T1/Alegreya-OsF/regular/sc' tried instead on in
put line 145.
LaTeX Font Info:    Font shape `T1/Alegreya-OsF/regular/sc' will be
(Font)              scaled to size 10.0pt on input line 145.
LaTeX Font Info:    Font shape `T1/Alegreya-OsF/m/sc' in size <20.74> not avail
able
(Font)              Font shape `T1/Alegreya-OsF/regular/sc' tried instead on in
put line 145.
LaTeX Font Info:    Font shape `T1/Alegreya-OsF/regular/sc' will be
(Font)              scaled to size 20.74pt on input line 145.

(/usr/share/texlive/texmf-dist/tex/latex/ucs/data/uni-32.def
File: uni-32.def 2013/05/13 UCS: Unicode data U+2000..U+20FF
)
Overfull \hbox (1.4597pt too wide) in paragraph at lines 146--148
\T1/Alegreya-OsF/regular/n/10 Plane. The Prime Plane held the Sel-dar's can-vas
^^Vthe world that they left name-
 []

[1

] [2

] [3]
LaTeX Font Info:    Font shape `T1/Alegreya-OsF/m/n' in size <24.88> not availa
ble
(Font)              Font shape `T1/Alegreya-OsF/regular/n' tried instead on inp
ut line 151.
LaTeX Font Info:    Font shape `T1/Alegreya-OsF/regular/n' will be
(Font)              scaled to size 24.88pt on input line 151.
LaTeX Font Info:    Font shape `T1/Alegreya-OsF/m/sc' in size <24.88> not avail
able
(Font)              Font shape `T1/Alegreya-OsF/regular/sc' tried instead on in
put line 151.
LaTeX Font Info:    Font shape `T1/Alegreya-OsF/regular/sc' will be
(Font)              scaled to size 24.88pt on input line 151.
 (./Words - Book.toc
LaTeX Font Info:    Font shape `T1/Alegreya-OsF/b/n' in size <10> not available

(Font)              Font shape `T1/Alegreya-OsF/bold/n' tried instead on input 
line 1.
LaTeX Font Info:    Font shape `T1/Alegreya-OsF/bold/n' will be
(Font)              scaled to size 10.0pt on input line 1.
) [4

]pdfTeX warning (ext4): destination with the same identifier (name{page.1}) has
 been already used, duplicate ignored
<to be read again> 
                   \relax 
l.170 
       [1


]
Overfull \hbox (14.34964pt too wide) in paragraph at lines 183--184
\T1/Alegreya-OsF/regular/n/10 300,000-200,000 BBT^^VThe shapeshift-ing races de
-velop spo-ken lan-guage around
 []


Overfull \hbox (3.11172pt too wide) in paragraph at lines 187--188
\T1/Alegreya-OsF/regular/n/10 tribes in the dark caves of An-nun-tol, or un-der
 the roots of mighty trees. Comen-
 []

LaTeX Font Info:    Trying to load font information for T1+AlegreyaSans-OsF on 
input line 188.
(/usr/share/texlive/texmf-dist/tex/latex/alegreya/T1AlegreyaSans-OsF.fd
File: T1AlegreyaSans-OsF.fd 2019/10/08 (autoinst) Font definitions for T1/Alegr
eyaSans-OsF.
)
LaTeX Font Info:    Font shape `T1/AlegreyaSans-OsF/m/n' in size <10.95> not av
ailable
(Font)              Font shape `T1/AlegreyaSans-OsF/regular/n' tried instead on
 input line 188.
LaTeX Font Info:    Font shape `T1/AlegreyaSans-OsF/regular/n' will be
(Font)              scaled to size 10.95pt on input line 188.
Package microtype Info: Loading generic protrusion settings for font family
(microtype)             `AlegreyaSans-OsF' (encoding: T1).
(microtype)             For optimal results, create family-specific settings.
(microtype)             See the microtype manual for details.
LaTeX Font Info:    Font shape `T1/AlegreyaSans-OsF/m/n' in size <8> not availa
ble
(Font)              Font shape `T1/AlegreyaSans-OsF/regular/n' tried instead on
 input line 188.
LaTeX Font Info:    Font shape `T1/AlegreyaSans-OsF/regular/n' will be
(Font)              scaled to size 8.0pt on input line 188.
LaTeX Font Info:    Font shape `T1/AlegreyaSans-OsF/m/sc' in size <8> not avail
able
(Font)              Font shape `T1/AlegreyaSans-OsF/regular/sc' tried instead o
n input line 188.
LaTeX Font Info:    Font shape `T1/AlegreyaSans-OsF/regular/sc' will be
(Font)              scaled to size 8.0pt on input line 188.
pdfTeX warning (ext4): destination with the same identifier (name{page.2}) has 
been already used, duplicate ignored
<to be read again> 
                   \relax 
l.188 
       [2]
Underfull \vbox (badness 10000) has occurred while \output is active []

pdfTeX warning (ext4): destination with the same identifier (name{page.3}) has 
been already used, duplicate ignored
<to be read again> 
                   \relax 
l.195 
       [3]
Overfull \hbox (26.04959pt too wide) in paragraph at lines 196--208
[]\T1/Alegreya-OsF/regular/n/10 90,000 BBT^^VThe Naa'waith be-gin to grow wheat
s and other crops on Naa'yamen.
 []


Underfull \vbox (badness 10000) has occurred while \output is active []

pdfTeX warning (ext4): destination with the same identifier (name{page.4}) has 
been already used, duplicate ignored
<to be read again> 
                   \relax 
l.208 
       [4]
Underfull \vbox (badness 10000) has occurred while \output is active []

pdfTeX warning (ext4): destination with the same identifier (name{page.5}) has 
been already used, duplicate ignored
<to be read again> 
                   \relax 
l.208 
       [5]
Underfull \vbox (badness 10000) has occurred while \output is active []

pdfTeX warning (ext4): destination with the same identifier (name{page.6}) has 
been already used, duplicate ignored
<to be read again> 
                   \relax 
l.208 
       [6]
Underfull \vbox (badness 10000) has occurred while \output is active []

 [7]
Underfull \vbox (badness 10000) has occurred while \output is active []

 [8]
Underfull \vbox (badness 10000) has occurred while \output is active []

 [9]
Underfull \vbox (badness 10000) has occurred while \output is active []

 [10]
Underfull \vbox (badness 10000) has occurred while \output is active []

 [11]
Overfull \hbox (7.4496pt too wide) in paragraph at lines 217--221
[]\T1/Alegreya-OsF/regular/n/10 80,000 BBT^^VAnother gen-er-a-tion sees the fou
r cities of the Naa'waith thrive.
 []


Underfull \vbox (badness 10000) has occurred while \output is active []

 [12]
Underfull \vbox (badness 10000) has occurred while \output is active []

 [13]
Overfull \hbox (5.5197pt too wide) in paragraph at lines 222--223
[]\T1/Alegreya-OsF/regular/n/10 79,975 BBT^^VArndulin and Hy-lama com-bine thei
r pow-ers to cre-ate de-fenses
 []


Underfull \vbox (badness 10000) has occurred while \output is active []

 [14]
Overfull \hbox (36.22159pt too wide) in paragraph at lines 226--227
\T1/Alegreya-OsF/regular/n/10 yells as he cuts through the bod-ies of the Loss'
kelvar, ^^PAu-cir'telcontya! Rac'nammantya!^^Q
 []


Underfull \vbox (badness 10000) has occurred while \output is active []

 [15]
Underfull \vbox (badness 10000) has occurred while \output is active []

 [16]
Overfull \hbox (13.07967pt too wide) in paragraph at lines 228--229
[]\T1/Alegreya-OsF/regular/n/10 79,849 BBT^^VArndulin placed Finiel in a prison
 high in the ranks of Harenyast,
 []


Overfull \hbox (7.4297pt too wide) in paragraph at lines 230--232
\T1/Alegreya-OsF/regular/n/10 make great pyres upon the peaks of the moun-tains
 that should be lit if Harenyast
 []


Underfull \vbox (badness 10000) has occurred while \output is active []

 [17]
Overfull \hbox (9.61966pt too wide) in paragraph at lines 235--236
\T1/Alegreya-OsF/regular/n/10 beast to aid him in break-ing the Tine-chorn. Slo
w and de-ceit-ful were Bash'Tikish's
 []


Overfull \hbox (7.47173pt too wide) in paragraph at lines 235--236
\T1/Alegreya-OsF/regular/n/10 made him feel pain un-like any other, and made hi
m rue the theft of Agash'Kelesh. 
 []


Underfull \vbox (badness 10000) has occurred while \output is active []

 [18]
Overfull \hbox (11.89368pt too wide) in paragraph at lines 237--239
\T1/Alegreya-OsF/regular/n/10 Telko-har. One among them, Nithos, was shaken by 
the might of Hu-rus. Thoughts
 []


Overfull \hbox (6.72368pt too wide) in paragraph at lines 240--242
\T1/Alegreya-OsF/regular/n/10 with each crash upon the shield Arn-dulin, Van-tu
ra, and the Areil be-came weaker.
 []


Overfull \hbox (16.57167pt too wide) in paragraph at lines 240--242
\T1/Alegreya-OsF/regular/n/10 moon, but wants to feel that power for-ever. Nith
os plans to get close to Bash'Tikish,
 []


Underfull \vbox (badness 10000) has occurred while \output is active []

 [19]
Underfull \vbox (badness 10000) has occurred while \output is active []

 [20]
Underfull \vbox (badness 10000) has occurred while \output is active []

 [21]
Underfull \vbox (badness 10000) has occurred while \output is active []

 [22]
Underfull \vbox (badness 10000) has occurred while \output is active []

 [23]
Overfull \hbox (0.68965pt too wide) in paragraph at lines 251--255
[]\T1/Alegreya-OsF/regular/n/10 79,000 BBT^^VAnd thence it came to pass that Ar
n-dulin Nuragon wan-dered
 []


Overfull \hbox (8.40373pt too wide) in paragraph at lines 251--255
\T1/Alegreya-OsF/regular/n/10 means been idle, how-ever, for they set it upon t
hem-selves to tor-ment Bash'Tikish
 []


Overfull \hbox (15.63972pt too wide) in paragraph at lines 251--255
\T1/Alegreya-OsF/regular/n/10 These ghosts dis-tracted the Guro-htar and made t
heir search for Arn-dulin Nuragon
 []


Underfull \vbox (badness 10000) has occurred while \output is active []

 [24]
Underfull \vbox (badness 10000) has occurred while \output is active []

 [25]
Underfull \vbox (badness 10000) has occurred while \output is active []

 [26]
Underfull \vbox (badness 10000) has occurred while \output is active []

 [27]
Underfull \vbox (badness 10000) has occurred while \output is active []

 [28]
Overfull \hbox (0.11975pt too wide) in paragraph at lines 269--270
[]\T1/Alegreya-OsF/regular/n/10 78,100 BBT^^VThe spies of Comen-raan find the s
outh-ern is-lands of Tol Hith,
 []


Underfull \vbox (badness 10000) has occurred while \output is active []

 [29]
Underfull \vbox (badness 10000) has occurred while \output is active []

 [30]
Underfull \vbox (badness 10000) has occurred while \output is active []

 [31]
(/usr/share/texlive/texmf-dist/tex/latex/ucs/data/uni-0.def
File: uni-0.def 2013/05/13 UCS: Unicode data U+0000..U+00FF
)
Overfull \hbox (2.8116pt too wide) in paragraph at lines 280--288
\T1/Alegreya-OsF/regular/n/10 used On-sinta to break the lines of Okemenel and 
Naa'waith alike, but Naa'waith
 []


Overfull \hbox (0.35962pt too wide) in paragraph at lines 280--288
\T1/Alegreya-OsF/regular/n/10 from across the con-ti-nents have taken the call 
and brought aid. The Neve'waith
 []


Underfull \vbox (badness 10000) has occurred while \output is active []

 [32]
Underfull \vbox (badness 10000) has occurred while \output is active []

 [33]
Underfull \vbox (badness 10000) has occurred while \output is active []

 [34]
Underfull \vbox (badness 10000) has occurred while \output is active []

 [35]
[36]
Overfull \hbox (7.89967pt too wide) in paragraph at lines 297--300
[]\T1/Alegreya-OsF/regular/n/10 72,000 BBT^^VThe shards of Hera'roilya took roo
t across the world. Hera'roba
 []


Underfull \vbox (badness 10000) has occurred while \output is active []

 [37

]
Overfull \hbox (7.7097pt too wide) in paragraph at lines 301--304
[]\T1/Alegreya-OsF/regular/n/10 70,000 BBT^^V The Sil-ver City sits un-der a gr
ay cloud of grief. The Rhun'waith
 []


Overfull \hbox (4.93175pt too wide) in paragraph at lines 301--304
\T1/Alegreya-OsF/regular/n/10 are held in a per-pet-u-ally solemn mind, their e
mo-tions crushed by the Naara'tela.
 []


Overfull \hbox (36.49165pt too wide) in paragraph at lines 301--304
\T1/Alegreya-OsF/regular/n/10 them, young Iu-lian be-came dis-tin-guished. Iu-l
ian learned quickly from Herya'rosintilya
 []


Overfull \hbox (7.30171pt too wide) in paragraph at lines 301--304
\T1/Alegreya-OsF/regular/n/10 promised. In a glo-ri-ous mem-ory of the Van'Yass
eron, the Ariel of the Rhun'waith
 []


Underfull \vbox (badness 10000) has occurred while \output is active []

 [38]
Underfull \vbox (badness 10000) has occurred while \output is active []

 [39]
Overfull \hbox (2.68973pt too wide) in paragraph at lines 305--306
[]\T1/Alegreya-OsF/regular/n/10 69,000 BBT^^VThe Bless-ing of Linarata led to t
he be-lief in a prophecy among
 []


Underfull \vbox (badness 10000) has occurred while \output is active []

 [40]
Underfull \vbox (badness 10000) has occurred while \output is active []

 [41]
Underfull \vbox (badness 10000) has occurred while \output is active []

 [42]
Underfull \vbox (badness 10000) has occurred while \output is active []

 [43]
Underfull \vbox (badness 10000) has occurred while \output is active []

 [44]
Underfull \vbox (badness 10000) has occurred while \output is active []

 [45]
Overfull \hbox (0.66174pt too wide) in paragraph at lines 342--345
\T1/Alegreya-OsF/regular/n/10 dark-ness did lit-tle to sooth the nerves of the 
Ces-tani ad-ven-tur-ers, and progress
 []


Underfull \vbox (badness 10000) has occurred while \output is active []

 [46]
Underfull \vbox (badness 10000) has occurred while \output is active []

 [47]
Underfull \vbox (badness 10000) has occurred while \output is active []

 [48]
Underfull \vbox (badness 10000) has occurred while \output is active []

 [49]
Underfull \vbox (badness 10000) has occurred while \output is active []

 [50]
Overfull \hbox (0.19978pt too wide) in paragraph at lines 357--359
[]\T1/Alegreya-OsF/regular/n/10 54,975 BBT|15 YE^^VThe preacher Raededir comes 
to Rhunen-dor in the bud-
 []


Overfull \hbox (11.96979pt too wide) in paragraph at lines 362--365
\T1/Alegreya-OsF/regular/n/10 dis-turb-ing to Raededir: this fig-ure of un-end-
ing wis-dom would surely see through
 []


Underfull \vbox (badness 10000) has occurred while \output is active []

 [51]
Underfull \vbox (badness 10000) has occurred while \output is active []

 [52]
Underfull \vbox (badness 10000) has occurred while \output is active []

 [53]
Underfull \vbox (badness 10000) has occurred while \output is active []

 [54]
Underfull \vbox (badness 10000) has occurred while \output is active []

 [55]
Underfull \vbox (badness 10000) has occurred while \output is active []

 [56]
Underfull \vbox (badness 10000) has occurred while \output is active []

 [57]
Underfull \vbox (badness 10000) has occurred while \output is active []

 [58]
Underfull \vbox (badness 10000) has occurred while \output is active []

 [59]
Underfull \vbox (badness 10000) has occurred while \output is active []

 [60]
Underfull \vbox (badness 10000) has occurred while \output is active []

 [61]
Underfull \vbox (badness 10000) has occurred while \output is active []

 [62]
Overfull \hbox (4.88966pt too wide) in paragraph at lines 427--428
[]\T1/Alegreya-OsF/regular/n/10 54,923 BBT|109 YE^^VDravion and Raededir marche
d from the gates of Meti-
 []


Overfull \hbox (8.69363pt too wide) in paragraph at lines 427--428
\T1/Alegreya-OsF/regular/n/10 from her^^Vwhile she lived, and lives now, the An
ari-ima were taken. The Tel'waith
 []


Underfull \vbox (badness 10000) has occurred while \output is active []

 [63]
Underfull \vbox (badness 10000) has occurred while \output is active []

 [64]
Overfull \hbox (14.79965pt too wide) in paragraph at lines 440--457
\T1/Alegreya-OsF/regular/n/10 of Meti-ma-copa. The streets were filled with sla
ugh-ter and may-hem^^Vthe Tel'waith
 []


Overfull \hbox (2.67963pt too wide) in paragraph at lines 440--457
\T1/Alegreya-OsF/regular/n/10 the swirling dark wa-ters be-low. Meti-ma-copa wa
s once a haven for the Tel'waith,
 []


Underfull \vbox (badness 10000) has occurred while \output is active []

 [65]
Overfull \hbox (2.30171pt too wide) in paragraph at lines 458--469
\T1/Alegreya-OsF/regular/n/10 the plains of Rhunen-dor, the Con-duit on the hor
i-zon. The fires of the Naara'tela
 []


Underfull \vbox (badness 10000) has occurred while \output is active []

 [66]
Underfull \vbox (badness 10000) has occurred while \output is active []

 [67]
Underfull \vbox (badness 10000) has occurred while \output is active []

 [68]
Underfull \vbox (badness 10000) has occurred while \output is active []

 [69]
Underfull \vbox (badness 10000) has occurred while \output is active []

 [70]
Overfull \hbox (5.13972pt too wide) in paragraph at lines 474--479
\T1/Alegreya-OsF/regular/n/10 duit: Co-rilyan Shap-ing. Hundië and In-súlo buil
d from the ashes of the Atanosta
 []


Underfull \vbox (badness 10000) has occurred while \output is active []

 [71]
Underfull \vbox (badness 10000) has occurred while \output is active []

 [72]
Underfull \vbox (badness 10000) has occurred while \output is active []

 [73]
Underfull \vbox (badness 10000) has occurred while \output is active []

 [74]
Overfull \hbox (4.52162pt too wide) in paragraph at lines 492--495
\T1/Alegreya-OsF/regular/n/10 Itha-las, Eliadis worked as an ap-pren-tice in Le
i-than's school of craft. She worked
 []


Underfull \vbox (badness 10000) has occurred while \output is active []

 [75]
Underfull \vbox (badness 10000) has occurred while \output is active []

 [76]
Underfull \vbox (badness 10000) has occurred while \output is active []

 [77]
Underfull \vbox (badness 10000) has occurred while \output is active []

 [78]
Underfull \vbox (badness 10000) has occurred while \output is active []

 [79]
Underfull \vbox (badness 10000) has occurred while \output is active []

 [80]
Underfull \vbox (badness 10000) has occurred while \output is active []

 [81]
Underfull \vbox (badness 10000) has occurred while \output is active []

 [82]
Overfull \hbox (3.06966pt too wide) in paragraph at lines 534--542
[]\T1/Alegreya-OsF/regular/n/10 53,000-42,000 BBT|2032-13,032 YE^^VThe city Nem
ora grew and pros-pered
 []


Underfull \vbox (badness 10000) has occurred while \output is active []

 [83]
Underfull \vbox (badness 10000) has occurred while \output is active []

 [84]
Underfull \vbox (badness 10000) has occurred while \output is active []

 [85]
Underfull \vbox (badness 10000) has occurred while \output is active []

 [86]
Underfull \vbox (badness 10000) has occurred while \output is active []

 [87]
Underfull \vbox (badness 10000) has occurred while \output is active []

 [88]
[89] [90

] [91] [92

] [93] [94

] [95] [96

] [97]
\tf@toc=\write5
\openout5 = `"Words - Book.toc"'.

Package atveryend Info: Empty hook `BeforeClearDocument' on input line 572.
Package atveryend Info: Empty hook `AfterLastShipout' on input line 572.
 (./Words - Book.aux)
Package atveryend Info: Executing hook `AtVeryEndDocument' on input line 572.
Package atveryend Info: Executing hook `AtEndAfterFileList' on input line 572.
Package rerunfilecheck Info: File `"Words - Book".out' has not changed.
(rerunfilecheck)             Checksum: C603AF79B91DDBEB278312E11108527E;280.
Package atveryend Info: Empty hook `AtVeryVeryEnd' on input line 572.
 )
(\end occurred inside a group at level 2)

### simple group (level 2) entered at line 131 ({)
### simple group (level 1) entered at line 131 ({)
### bottom level 
Here is how much of TeX's memory you used:
 13294 strings out of 481239
 215784 string characters out of 5920378
 662369 words of memory out of 5000000
 28227 multiletter control sequences out of 15000+600000
 750657 words of font info for 66 fonts, out of 8000000 for 9000
 1141 hyphenation exceptions out of 8191
 54i,11n,58p,6900b,632s stack positions out of 5000i,500n,10000p,200000b,80000s
{/usr/share/texlive/texmf-dist/fonts/enc/dvips/alegreya/algr_p7
kywn.enc}{/usr/share/texmf/fonts/enc/dvips/lm/lm-mathsy.enc}{/usr/share/texlive
/texmf-dist/fonts/enc/dvips/alegreya/algr_dte76s.enc}{/usr/share/texmf/fonts/en
c/dvips/cm-super/cm-super-t1.enc}{/usr/share/texlive/texmf-dist/fonts/enc/dvips
/alegreya/algr_u7nq5p.enc}{/usr/share/texlive/texmf-dist/fonts/enc/dvips/alegre
ya/algr_hxyeky.enc}</usr/share/texlive/texmf-dist/fonts/type1/huerta/alegreya/A
legreya-Italic.pfb></usr/share/texlive/texmf-dist/fonts/type1/huerta/alegreya/A
legreya-Regular.pfb></usr/share/texlive/texmf-dist/fonts/type1/huerta/alegreya/
AlegreyaSans-Regular.pfb></usr/share/texmf/fonts/type1/public/lm/lmsy10.pfb></u
sr/share/texmf/fonts/type1/public/cm-super/sfti0700.pfb></usr/share/texmf/fonts
/type1/public/cm-super/sfti1000.pfb>
Output written on "Words - Book.pdf" (107 pages, 403118 bytes).
PDF statistics:
 547 PDF objects out of 1000 (max. 8388607)
 427 compressed objects within 5 object streams
 111 named destinations out of 1000 (max. 500000)
 12337 words of extra memory for PDF output out of 14400 (max. 10000000)

